GET / 200 20 - 4.042 ms
GET / 200 20 - 1.447 ms
GET / 200 20 - 1.647 ms
GET / 200 20 - 0.693 ms
GET / 200 22 - 7.553 ms
POST /register 200 53 - 336.602 ms
POST /register 200 53 - 60.580 ms
POST /register 200 53 - 34.383 ms
POST /register 200 53 - 123.889 ms
POST /register 400 73 - 61.601 ms
POST /register 200 53 - 58.789 ms
POST /register 400 73 - 1.627 ms
POST /register 200 53 - 17.061 ms
POST /register 400 73 - 6.413 ms
POST /register 200 53 - 46.935 ms
POST /register 400 73 - 1.425 ms
POST /register 200 53 - 21.590 ms
POST /register 200 53 - 16.579 ms
POST /register 200 105 - 428.231 ms
POST /login 200 83 - 58.389 ms
POST /login 200 83 - 13.363 ms
POST /login 200 83 - 43.318 ms
POST /login 200 83 - 13.116 ms
POST /register 400 73 - 2.867 ms
POST /register 200 55 - 18.605 ms
POST /register 200 105 - 404.952 ms
POST /register 200 55 - 72.839 ms
POST /login - - - - ms
POST /login - - - - ms
POST /login 200 83 - 51.590 ms
POST /login 200 664 - 321.614 ms
POST /login 200 83 - 45.853 ms
POST /login 200 690 - 176.797 ms
POST /login 200 686 - 210.805 ms
POST /login 200 680 - 264.028 ms
POST /register 200 54 - 20.532 ms
POST /register 200 54 - 132.471 ms
POST /register 200 54 - 23.888 ms
POST /register 200 105 - 362.530 ms
POST /login 200 83 - 13.417 ms
POST /register 200 105 - 359.446 ms
POST /register 200 105 - 450.835 ms
POST /register 200 55 - 51.390 ms
POST /register - - - - ms
GET / 200 22 - 6.427 ms
GET /favicon.ico 404 150 - 27.537 ms
POST /register 200 105 - 323.925 ms
POST /login 200 612 - 241.480 ms
POST /login 200 610 - 217.751 ms
POST /login 200 608 - 237.999 ms
OPTIONS /getuserpermission?supporter_id=1 200 8 - 111.022 ms
OPTIONS /dashboardChart 200 8 - 0.965 ms
GET / 304 - - 1.395 ms
GET / 304 - - 1.217 ms
GET / 304 - - 1.603 ms
GET / 200 22 - 1.004 ms
GET / 304 - - 0.662 ms
GET / 304 - - 0.719 ms
GET / 200 22 - 1.278 ms
POST /register 200 61 - 41.181 ms
OPTIONS /login 200 4 - 1.173 ms
POST /login 200 64 - 11.280 ms
POST /register 200 105 - 282.632 ms
POST /login 200 613 - 203.484 ms
OPTIONS /login 200 4 - 1.361 ms
POST /login 200 613 - 221.760 ms
OPTIONS /getuserpermission?supporter_id=7 200 8 - 1.362 ms
OPTIONS /login 200 4 - 1.308 ms
POST /login 200 613 - 213.235 ms
OPTIONS /getuserpermission?supporter_id=7 200 8 - 0.977 ms
OPTIONS /login 200 4 - 1.198 ms
POST /login 200 613 - 191.451 ms
OPTIONS /getuserpermission?supporter_id=7 200 8 - 1.308 ms
OPTIONS /dashboardChart 200 8 - 1.080 ms
GET /addNft 404 145 - 64.900 ms
POST /addNft 500 1401 - 383.059 ms
POST /addNft 500 1401 - 68.518 ms
POST /addNft - - - - ms
POST /addNft 500 1368 - 58.135 ms
OPTIONS /getuserpermission?supporter_id=7 200 8 - 46.603 ms
OPTIONS /dashboardChart 200 8 - 1.093 ms
POST /addNft - - - - ms
POST /addNft 500 1364 - 111.931 ms
OPTIONS /login 200 4 - 47.906 ms
POST /login 200 613 - 270.531 ms
OPTIONS /getuserpermission?supporter_id=7 200 8 - 2.387 ms
OPTIONS /dashboardChart 200 8 - 1.020 ms
OPTIONS /getuserpermission?supporter_id=7 200 8 - 0.962 ms
OPTIONS /dashboardChart 200 8 - 1.530 ms
OPTIONS /login 200 4 - 1.227 ms
POST /login 200 613 - 197.292 ms
OPTIONS /getuserpermission?supporter_id=7 200 8 - 0.919 ms
OPTIONS /dashboardChart 200 8 - 1.073 ms
OPTIONS /getuserpermission?supporter_id=7 200 8 - 2.478 ms
OPTIONS /dashboardChart 200 8 - 1.033 ms
OPTIONS /getuserpermission?supporter_id=7 200 8 - 56.150 ms
OPTIONS /dashboardChart 200 8 - 2.153 ms
OPTIONS /getuserpermission?supporter_id=7 200 8 - 0.748 ms
OPTIONS /dashboardChart 200 8 - 1.361 ms
OPTIONS /getuserpermission?supporter_id=7 200 8 - 0.954 ms
OPTIONS /dashboardChart 200 8 - 0.975 ms
OPTIONS /getuserpermission?supporter_id=7 200 8 - 1.032 ms
OPTIONS /getuserpermission?supporter_id=7 200 8 - 1.152 ms
POST /addNft 200 570 - 451.232 ms
POST /addNft 200 572 - 189.147 ms
POST /addNft 200 166 - 402.787 ms
OPTIONS /getuserpermission?supporter_id=7 200 8 - 3.676 ms
OPTIONS /getuserpermission?supporter_id=7 200 8 - 3.500 ms
OPTIONS /getuserpermission?supporter_id=7 200 8 - 1.034 ms
OPTIONS /getuserpermission?supporter_id=7 200 8 - 21.808 ms
POST /updateNFTDetails 200 207 - 465.324 ms
POST /addNft 200 64 - 65.062 ms
POST /addNft 200 75 - 118.873 ms
POST /addNft 200 75 - 86.743 ms
POST /addNft 200 75 - 16.321 ms
POST /addNft 200 75 - 145.852 ms
POST /login 200 613 - 276.655 ms
POST /addNft 200 75 - 75.780 ms
POST /login 200 613 - 253.809 ms
POST /addNft 200 75 - 76.678 ms
POST /addNft 200 75 - 82.141 ms
OPTIONS /login 200 4 - 37.075 ms
POST /login 200 613 - 185.564 ms
OPTIONS /getuserpermission?supporter_id=7 200 8 - 2.277 ms
OPTIONS /dashboardChart 200 8 - 0.887 ms
OPTIONS /getuserpermission?supporter_id=7 200 8 - 1.118 ms
OPTIONS /dashboardChart 200 8 - 1.596 ms
POST /addNft 200 166 - 172.645 ms
OPTIONS /getuserpermission?supporter_id=7 200 8 - 2.168 ms
OPTIONS /dashboardChart 200 8 - 1.427 ms
OPTIONS /getuserpermission?supporter_id=7 200 8 - 1.136 ms
OPTIONS /dashboardChart 200 8 - 1.399 ms
POST /updateNFTDetails 200 64 - 49.443 ms
POST /updateNFTDetails 200 207 - 258.381 ms
OPTIONS /login 200 4 - 1.870 ms
OPTIONS /login 200 4 - 2.192 ms
POST /login 200 613 - 164.109 ms
OPTIONS /getuserpermission?supporter_id=7 200 8 - 0.714 ms
OPTIONS /dashboardChart 200 8 - 0.925 ms
OPTIONS /login 200 4 - 1.088 ms
POST /login 200 613 - 151.052 ms
OPTIONS /getuserpermission?supporter_id=7 200 8 - 1.372 ms
OPTIONS /dashboardChart 200 8 - 1.159 ms
OPTIONS /getuserpermission?supporter_id=7 200 8 - 1.007 ms
OPTIONS /dashboardChart 200 8 - 1.010 ms
OPTIONS /login 200 4 - 19.448 ms
POST /login 200 613 - 362.604 ms
OPTIONS /getuserpermission?supporter_id=7 200 8 - 36.289 ms
OPTIONS /dashboardChart 200 8 - 1.862 ms
OPTIONS /getuserpermission?supporter_id=7 200 8 - 1.058 ms
OPTIONS /getuserpermission?supporter_id=7 200 8 - 1.160 ms
OPTIONS /addUzythNft 404 154 - 4.051 ms
OPTIONS /getuserpermission?supporter_id=7 200 8 - 3.251 ms
OPTIONS /addNft 200 4 - 1.388 ms
POST /addNft 200 1604 - 184.536 ms
OPTIONS /getuserpermission?supporter_id=7 200 8 - 1.677 ms
OPTIONS /addNft 200 4 - 0.867 ms
POST /addNft 200 1550 - 171.059 ms
OPTIONS /getuserpermission?supporter_id=7 200 8 - 0.928 ms
OPTIONS /addNft 200 4 - 1.061 ms
POST /addNft 200 166 - 239.166 ms
POST /delete/1 200 64 - 31.465 ms
OPTIONS /getuserpermission?supporter_id=7 200 8 - 54.391 ms
POST /delete/1 200 58 - 133.588 ms
OPTIONS /getuserpermission?supporter_id=7 200 8 - 2.689 ms
OPTIONS /addNft 200 4 - 0.826 ms
POST /addNft 200 166 - 124.035 ms
GET /getAllNfts 200 64 - 30.598 ms
GET /getAllNfts 200 3000 - 202.227 ms
OPTIONS /getuserpermission?supporter_id=7 200 8 - 1.768 ms
OPTIONS /getuserpermission?supporter_id=7 200 8 - 1.868 ms
OPTIONS /getuserpermission?supporter_id=7 200 8 - 1.148 ms
OPTIONS /getAllNfts 200 13 - 1.202 ms
OPTIONS /getuserpermission?supporter_id=7 200 8 - 0.806 ms
OPTIONS /circulating-supply 200 8 - 0.736 ms
POST /getAllNfts 200 3000 - 26.717 ms
OPTIONS /getuserpermission?supporter_id=7 200 8 - 1.454 ms
OPTIONS /getAllNfts 200 13 - 1.330 ms
OPTIONS /circulating-supply 200 8 - 0.881 ms
POST /getAllNfts 200 3000 - 16.635 ms
OPTIONS /getAllNfts 200 13 - 1.244 ms
OPTIONS /circulating-supply 200 8 - 1.017 ms
OPTIONS /getuserpermission?supporter_id=7 200 8 - 1.000 ms
POST /getAllNfts 200 3000 - 20.127 ms
OPTIONS /getAllNfts 200 13 - 1.235 ms
OPTIONS /circulating-supply 200 8 - 1.043 ms
OPTIONS /getuserpermission?supporter_id=7 200 8 - 1.119 ms
POST /getAllNfts 200 3000 - 21.620 ms
OPTIONS /getAllNfts 200 13 - 1.305 ms
OPTIONS /getuserpermission?supporter_id=7 200 8 - 1.053 ms
OPTIONS /circulating-supply 200 8 - 0.951 ms
POST /getAllNfts 200 3000 - 19.515 ms
OPTIONS /circulating-supply 200 8 - 1.044 ms
OPTIONS /getAllNfts 200 13 - 0.940 ms
OPTIONS /getuserpermission?supporter_id=7 200 8 - 0.892 ms
POST /getAllNfts 200 3000 - 31.890 ms
OPTIONS /getAllNfts 200 13 - 1.098 ms
OPTIONS /getuserpermission?supporter_id=7 200 8 - 0.838 ms
OPTIONS /circulating-supply 200 8 - 0.858 ms
POST /getAllNfts 200 3000 - 19.286 ms
OPTIONS /circulating-supply 200 8 - 1.360 ms
OPTIONS /getAllNfts 200 13 - 0.637 ms
OPTIONS /getuserpermission?supporter_id=7 200 8 - 0.973 ms
POST /getAllNfts 200 3000 - 11.306 ms
OPTIONS /updateNFTDetails 200 4 - 1.405 ms
POST /updateNFTDetails 200 207 - 986.451 ms
OPTIONS /getAllNfts 200 13 - 0.813 ms
POST /getAllNfts 200 2993 - 9.993 ms
GET /getAllNfts 200 2993 - 152.921 ms
POST /delete/2 200 58 - 347.096 ms
OPTIONS /getAllNfts 200 13 - 2.788 ms
OPTIONS /circulating-supply 200 8 - 1.354 ms
OPTIONS /getuserpermission?supporter_id=7 200 8 - 0.982 ms
POST /getAllNfts 200 2512 - 9.990 ms
OPTIONS /delete/3 200 4 - 0.958 ms
OPTIONS /delete/3 200 4 - 1.094 ms
OPTIONS /getAllNfts 200 13 - 2.054 ms
OPTIONS /circulating-supply 200 8 - 1.558 ms
OPTIONS /getuserpermission?supporter_id=7 200 8 - 1.074 ms
POST /getAllNfts 200 2512 - 9.271 ms
OPTIONS /getAllNfts 200 13 - 1.318 ms
OPTIONS /circulating-supply 200 8 - 1.712 ms
OPTIONS /getuserpermission?supporter_id=7 200 8 - 1.021 ms
POST /getAllNfts 200 2512 - 8.190 ms
OPTIONS /delete/3 200 4 - 1.010 ms
OPTIONS /delete/3 200 4 - 1.122 ms
OPTIONS /delete/3 200 4 - 1.266 ms
OPTIONS /delete/3 200 4 - 27.663 ms
OPTIONS /getAllNfts 200 13 - 28.841 ms
OPTIONS /getuserpermission?supporter_id=7 200 8 - 49.295 ms
OPTIONS /circulating-supply 200 8 - 1.000 ms
POST /getAllNfts 200 2512 - 38.639 ms
GET /getNfthistory 200 798 - 65.054 ms
GET /getNfthistory 500 1376 - 51.370 ms
GET / 200 22 - 9.517 ms
GET /favicon.ico 404 150 - 27.769 ms
POST /login 200 613 - 369.037 ms
POST /login 200 613 - 326.551 ms
POST /login 200 613 - 180.518 ms
POST /login 200 613 - 296.973 ms
POST /login 200 613 - 264.402 ms
GET / 200 22 - 1.004 ms
GET /favicon.ico 404 150 - 42.687 ms
OPTIONS /login 200 4 - 1.626 ms
POST /login 200 613 - 140.512 ms
OPTIONS /getuserpermission?supporter_id=7 200 8 - 1.256 ms
OPTIONS /dashboardChart 200 8 - 1.070 ms
OPTIONS /circulating-supply 200 8 - 1.395 ms
OPTIONS /getuserpermission?supporter_id=7 200 8 - 1.462 ms
OPTIONS /getAllNfts 200 13 - 3.162 ms
POST /getAllNfts 200 2509 - 16.576 ms
OPTIONS /logOut/?lang=en 200 4 - 0.977 ms
POST /logOut/?lang=en 200 41 - 67.322 ms
OPTIONS /login 200 4 - 1.075 ms
POST /login 200 613 - 178.792 ms
OPTIONS /getuserpermission?supporter_id=7 200 8 - 0.920 ms
OPTIONS /dashboardChart 200 8 - 0.827 ms
GET /getNfthistory 200 798 - 43.690 ms
OPTIONS /logOut/?lang=en 200 4 - 29.964 ms
POST /logOut/?lang=en 200 41 - 19.257 ms
OPTIONS /login 200 4 - 23.514 ms
POST /login 200 613 - 215.782 ms
OPTIONS /getuserpermission?supporter_id=7 200 8 - 0.884 ms
OPTIONS /dashboardChart 200 8 - 1.204 ms
OPTIONS /logOut/?lang=en 200 4 - 25.409 ms
POST /logOut/?lang=en 200 41 - 43.052 ms
OPTIONS /login 200 4 - 49.256 ms
POST /login 200 613 - 200.498 ms
OPTIONS /getuserpermission?supporter_id=7 200 8 - 0.966 ms
OPTIONS /dashboardChart 200 8 - 0.956 ms
OPTIONS /getAllNfts 200 13 - 1.689 ms
OPTIONS /circulating-supply 200 8 - 1.593 ms
OPTIONS /getuserpermission?supporter_id=7 200 8 - 1.038 ms
POST /getAllNfts 200 2509 - 19.125 ms
OPTIONS /getuserpermission?supporter_id=7 200 8 - 0.997 ms
OPTIONS /dashboardChart 200 8 - 1.357 ms
OPTIONS /getAllNfts 200 13 - 1.448 ms
OPTIONS /getuserpermission?supporter_id=7 200 8 - 0.996 ms
OPTIONS /circulating-supply 200 8 - 1.161 ms
POST /getAllNfts 200 2509 - 50.329 ms
OPTIONS /getuserpermission?supporter_id=7 200 8 - 28.582 ms
OPTIONS /getAllNfts 200 13 - 110.692 ms
OPTIONS /circulating-supply 200 8 - 1.326 ms
POST /getAllNfts 200 2509 - 124.446 ms
POST /addNft 200 75 - 200.304 ms
OPTIONS /login 200 4 - 56.054 ms
POST /login 200 613 - 218.839 ms
OPTIONS /getuserpermission?supporter_id=7 200 8 - 2.717 ms
OPTIONS /dashboardChart 200 8 - 1.036 ms
POST /addNft 200 166 - 2882.989 ms
OPTIONS /getuserpermission?supporter_id=7 200 8 - 50.737 ms
OPTIONS /circulating-supply 200 8 - 2.602 ms
OPTIONS /getAllNfts 200 13 - 1.059 ms
POST /getAllNfts 200 3054 - 33.699 ms
OPTIONS /circulating-supply 200 8 - 1.802 ms
OPTIONS /getuserpermission?supporter_id=7 200 8 - 0.925 ms
OPTIONS /getAllNfts 200 13 - 0.822 ms
POST /getAllNfts 200 3054 - 16.927 ms
OPTIONS /getAllNfts 200 13 - 2.247 ms
OPTIONS /circulating-supply 200 8 - 1.091 ms
OPTIONS /getuserpermission?supporter_id=7 200 8 - 1.395 ms
POST /getAllNfts 200 3054 - 41.006 ms
OPTIONS /getAllNfts 200 13 - 1.434 ms
OPTIONS /circulating-supply 200 8 - 1.042 ms
OPTIONS /getuserpermission?supporter_id=7 200 8 - 0.956 ms
POST /getAllNfts 200 3054 - 15.434 ms
OPTIONS /getAllNfts 200 13 - 2.801 ms
OPTIONS /getuserpermission?supporter_id=7 200 8 - 1.147 ms
OPTIONS /circulating-supply 200 8 - 1.222 ms
POST /getAllNfts 200 3054 - 60.590 ms
OPTIONS /getAllNfts 200 13 - 1.423 ms
OPTIONS /circulating-supply 200 8 - 0.969 ms
OPTIONS /getuserpermission?supporter_id=7 200 8 - 0.985 ms
POST /getAllNfts 200 3054 - 20.169 ms
OPTIONS /getAllNfts 200 13 - 3.109 ms
OPTIONS /circulating-supply 200 8 - 0.923 ms
OPTIONS /getuserpermission?supporter_id=7 200 8 - 1.094 ms
POST /getAllNfts 200 3054 - 14.819 ms
OPTIONS /getAllNfts 200 13 - 1.016 ms
OPTIONS /circulating-supply 200 8 - 0.892 ms
OPTIONS /getuserpermission?supporter_id=7 200 8 - 0.910 ms
POST /getAllNfts 200 3054 - 29.212 ms
OPTIONS /circulating-supply 200 8 - 1.047 ms
OPTIONS /getAllNfts 200 13 - 0.756 ms
OPTIONS /getuserpermission?supporter_id=7 200 8 - 0.712 ms
POST /getAllNfts 200 3054 - 12.566 ms
OPTIONS /addNft 200 4 - 1.101 ms
POST /addNft 200 166 - 2343.963 ms
OPTIONS /getAllNfts 200 13 - 0.818 ms
POST /getAllNfts 200 4403 - 16.551 ms
OPTIONS /updateNFTDetails 200 4 - 0.814 ms
POST /updateNFTDetails 200 207 - 208.141 ms
OPTIONS /getAllNfts 200 13 - 0.751 ms
POST /getAllNfts 200 4413 - 11.487 ms
OPTIONS /delete/6 200 4 - 1.281 ms
OPTIONS /getuserpermission?supporter_id=7 200 8 - 25.998 ms
OPTIONS /getAllNfts 200 13 - 49.199 ms
OPTIONS /circulating-supply 200 8 - 1.249 ms
OPTIONS /getuserpermission?supporter_id=7 200 8 - 2.381 ms
POST /getAllNfts 200 4413 - 36.314 ms
OPTIONS /delete/6 200 4 - 1.180 ms
POST /delete/6 200 75 - 6.320 ms
POST /delete/6 200 58 - 238.608 ms
OPTIONS /circulating-supply 200 8 - 32.124 ms
OPTIONS /getAllNfts 200 13 - 53.901 ms
OPTIONS /getuserpermission?supporter_id=7 200 8 - 0.961 ms
POST /getAllNfts 200 3054 - 41.551 ms
OPTIONS /getAllNfts 200 13 - 1.131 ms
OPTIONS /circulating-supply 200 8 - 0.953 ms
OPTIONS /getuserpermission?supporter_id=7 200 8 - 1.294 ms
POST /getAllNfts 200 3054 - 11.494 ms
OPTIONS /delete/5 200 4 - 1.506 ms
OPTIONS /getuserpermission?supporter_id=7 200 8 - 45.046 ms
OPTIONS /getNFTHistory 200 13 - 56.895 ms
OPTIONS /getNfthistory 200 13 - 33.460 ms
OPTIONS /getuserpermission?supporter_id=7 200 8 - 46.461 ms
OPTIONS /getuserpermission?supporter_id=7 200 8 - 1.250 ms
OPTIONS /getNfthistory 200 13 - 1.524 ms
GET /getNfthistory 200 798 - 18.850 ms
OPTIONS /login 200 4 - 1.372 ms
POST /login 200 613 - 235.507 ms
OPTIONS /getuserpermission?supporter_id=7 200 8 - 1.037 ms
OPTIONS /dashboardChart 200 8 - 1.052 ms
OPTIONS /getNfthistory 200 13 - 1.227 ms
OPTIONS /getuserpermission?supporter_id=7 200 8 - 1.085 ms
GET /getDashboardStats 500 1386 - 101.102 ms
GET /getDashboardStats 200 47 - 68.161 ms
GET /getDashboardStats 200 725 - 25.347 ms
GET /getDashboardStats 200 697 - 24.950 ms
GET /getDashboardStats 200 694 - 66.325 ms
GET /getDashboardStats 200 694 - 10.243 ms
GET /getDashboardStats 500 1350 - 32.408 ms
OPTIONS /getNfthistory 200 13 - 60.008 ms
OPTIONS /getuserpermission?supporter_id=7 200 8 - 3.541 ms
GET /getDashboardStats 500 1358 - 37.201 ms
GET /getDashboardStats 200 175 - 35.173 ms
OPTIONS /getNfthistory 200 13 - 20.428 ms
OPTIONS /getuserpermission?supporter_id=7 200 8 - 44.310 ms
OPTIONS /getuserpermission?supporter_id=7 200 8 - 1.379 ms
OPTIONS /getNfthistory 200 13 - 29.442 ms
OPTIONS /getuserpermission?supporter_id=7 200 8 - 58.871 ms
GET /getDashboardStats 200 175 - 78.364 ms
OPTIONS /getuserpermission?supporter_id=7 200 8 - 20.067 ms
OPTIONS /dashboardChart 200 8 - 41.182 ms
OPTIONS /getuserpermission?supporter_id=7 200 8 - 2.895 ms
OPTIONS /dashboardChart 200 8 - 1.149 ms
GET / 200 22 - 8.884 ms
GET /favicon.ico 404 150 - 26.451 ms
POST /getAllNfts 200 4413 - 122.099 ms
POST /addNft 200 166 - 1845.982 ms
POST /getAllNfts 200 5721 - 23.211 ms
POST /updateNFTDetails 200 207 - 91.842 ms
POST /getAllNfts 200 5718 - 15.182 ms
GET /getDashboardStats 200 175 - 62.714 ms
GET /getNfthistory 200 798 - 33.335 ms
GET /getAllNfts 200 75 - 71.728 ms
POST /login 200 613 - 197.137 ms
POST /getAllNfts 404 150 - 3.568 ms
POST /login 200 613 - 196.740 ms
GET /getAllNfts 200 5718 - 88.413 ms
POST /delete/6 200 58 - 124.401 ms
POST /updateNFTDetails 200 75 - 16.313 ms
POST /updateNFTDetails 200 207 - 154.520 ms
POST /getAllNfts 404 150 - 1.008 ms
POST /addNft 200 166 - 2756.705 ms
POST /addNft 500 1395 - 13.195 ms
POST /addNft 200 166 - 1534.345 ms
POST /addNft 500 1395 - 13.483 ms
POST /addNft 200 167 - 320.336 ms
GET / 200 22 - 18.999 ms
GET /getAllNfts 200 64 - 14.434 ms
GET /login 404 144 - 11.294 ms
POST /login 200 613 - 516.158 ms
GET /getAllNfts 200 6742 - 43.793 ms
GET /getallnft 404 148 - 2.064 ms
GET /getallnft 404 148 - 2.496 ms
POST /getallnft 404 149 - 1.016 ms
GET /getallnft 404 148 - 3.304 ms
GET /getallnft 200 49 - 114.733 ms
GET /getallnft 200 49 - 48.512 ms
GET /getallnft 200 49 - 36.353 ms
GET /getallnft 200 4288 - 84.837 ms
GET /getAllNfts 200 6742 - 66.778 ms
GET /getallnft 200 4288 - 124.419 ms
GET /getallnft 200 5657 - 32.173 ms
GET /getallnft 200 5657 - 35.099 ms
GET /getallnft 200 5657 - 91.451 ms
GET /getallnft 200 5657 - 25.947 ms
GET /getAllNfts?searchStr=alian 200 64 - 5.869 ms
GET /getAllNfts?searchStr=alian - - - - ms
GET /getAllNfts?searchStr=alian - - - - ms
GET /getAllNfts?searchStr=humans - - - - ms
GET /getAllNfts?searchStr=human - - - - ms
GET /getAllNfts?searchStr=human - - - - ms
GET /getAllNfts?searchStr=alien - - - - ms
GET /getAllNfts?searchStr=alien - - - - ms
GET /getAllNfts - - - - ms
GET /getAllNfts 200 6757 - 28.210 ms
GET /getAllNfts?searchStr=alien 200 6757 - 28.837 ms
GET /getAllNfts?searchStr=alien 200 6757 - 29.466 ms
GET /getAllNfts?searchStr=human 200 6757 - 11.573 ms
GET /getAllNfts?searchStr=human 200 6757 - 25.318 ms
GET /getAllNfts?searchStr=human 200 3694 - 33.165 ms
GET /getAllNfts?searchStr=alien 200 1747 - 10.088 ms
GET /getAllNfts?searchStr=land 200 1422 - 8.075 ms
GET /getAllNfts?searchStr=land 200 1422 - 25.845 ms
GET /getAllNfts?searchStr=landw 200 54 - 17.788 ms
GET /getAllNfts?searchStr=land 200 1422 - 9.302 ms
GET /getAllNfts 200 66 - 29.683 ms
GET /getAllNfts?searchStr=landd 200 54 - 12.463 ms
GET /getAllNfts?searchStr=landd 200 66 - 25.434 ms
GET /getAllNfts 200 6757 - 10.626 ms
GET /getAllNfts?searchStr=land 200 1434 - 6.729 ms
GET /getAllNfts?searchStr=land 200 1422 - 109.620 ms
GET /getAllNfts 200 6757 - 9.188 ms
GET /getAllNfts?searchStr=human 200 3694 - 7.596 ms
GET /addProjectDesc 404 153 - 1.736 ms
POST /addProjectDesc 200 64 - 4.751 ms
POST /login 200 613 - 112.892 ms
POST /addProjectDesc 200 52 - 30.392 ms
POST /addProjectDesc 200 177 - 34.608 ms
POST /addProjectDesc 200 177 - 12.409 ms
POST /addProjectDesc 200 179 - 31.633 ms
POST /addProjectDesc 200 179 - 13.307 ms
POST /addProjectDesc 200 177 - 12.623 ms
POST /addProjectDesc 200 179 - 5.987 ms
POST /addProjectDesc 200 220 - 7.815 ms
POST /addProjectDesc 200 177 - 11.218 ms
POST /addProjectDesc 200 220 - 8.179 ms
POST /addProjectDesc 200 179 - 5.567 ms
POST /addProjectDesc 200 221 - 25.798 ms
GET /getProjectDesc 200 64 - 5.461 ms
GET /getProjectDesc 200 745 - 15.418 ms
GET /getallnft 200 5671 - 82.541 ms
GET / 200 22 - 15.474 ms
GET /addNft 404 145 - 24.177 ms
POST /addNft 200 64 - 47.699 ms
POST /addNft 200 51 - 44.509 ms
POST /addNft 500 1367 - 312.375 ms
POST /addNft 500 1365 - 372.710 ms
POST /addNft 200 615 - 13240.241 ms
POST /addNft 200 167 - 4767.298 ms
POST /addNft 200 466 - 1858.761 ms
POST /addNft 200 493 - 3416.773 ms
POST /addNft 200 585 - 1809.562 ms
POST /addNft 200 166 - 2648.332 ms
GET /getAllNfts?searchStr=human 200 64 - 89.788 ms
GET /getAllNfts?searchStr=human 200 449 - 94.327 ms
GET /getAllNfts?searchStr=human 200 449 - 43.824 ms
GET /getAllNfts?searchStr=alien 200 449 - 32.082 ms
GET /getAllNfts 200 845 - 152.803 ms
POST /updateNFTDetails 200 64 - 201.951 ms
POST /updateNFTDetails 200 539 - 354.072 ms
POST /updateNFTDetails 200 479 - 107.823 ms
POST /updateNFTDetails 200 479 - 137.942 ms
POST /updateNFTDetails 200 479 - 160.290 ms
POST /updateNFTDetails 200 207 - 201.448 ms
POST /deleteNftById?id=1 404 153 - 169.548 ms
POST /delete/1 200 64 - 34.695 ms
POST /delete/1 200 64 - 105.915 ms
POST /delete/1 200 58 - 99.433 ms
POST /addNft 200 720 - 18675.268 ms
POST /addNft 200 166 - 1992.748 ms
POST /addNft 200 75 - 136.068 ms
POST /login 200 613 - 509.918 ms
POST /addNft 500 1260 - 63.229 ms
POST /addNft 200 54 - 7143.450 ms
POST /addNft 200 54 - 9239.426 ms
POST /addNft 200 54 - 8603.476 ms
POST /addNft 200 54 - 5410.710 ms
POST /addNft 200 166 - 5897.692 ms
GET /getDashboardStats 200 175 - 52.413 ms
GET /getAllNfts?searchStr=ukraine 200 75 - 44.099 ms
GET /getAllNfts?searchStr=ukraine 200 54 - 94.151 ms
GET /getAllNfts 200 1666 - 30.471 ms
GET /getAllNfts 200 1671 - 93.530 ms
GET /getAllNfts 200 2158 - 26.599 ms
GET /getAllNfts?searchStr=ukraine 200 54 - 69.745 ms
GET /getAllNfts?searchStr=Ukraine 200 54 - 245.722 ms
GET /getAllNfts?searchStr=Ukraine 200 54 - 24.305 ms
GET /getAllNfts?searchStr=russia 200 54 - 24.540 ms
GET /getAllNfts?searchStr=russia 200 54 - 138.738 ms
GET /getAllNfts 200 2158 - 34.482 ms
GET /getAllNfts?searchStr=Ukraine 200 54 - 26.029 ms
GET /getAllNfts?searchStr=Ukraine 200 54 - 182.155 ms
GET /getAllNfts?searchStr=Ukraine 200 54 - 194.838 ms
GET /getAllNfts?searchStr=Ukraine 200 54 - 285.990 ms
GET /getAllNfts?searchStr=Ukraine 200 1693 - 304.084 ms
GET /getAllNfts?searchStr=russia 200 518 - 130.207 ms
GET /getAllNfts?searchStr=Russia 200 518 - 137.395 ms
GET / 200 22 - 2.563 ms
POST /addVideos 200 64 - 22.218 ms
POST /login 200 613 - 127.728 ms
POST /addVideos - - - - ms
POST /addVideos 200 60 - 13.685 ms
POST /addVideos 200 177 - 8115.683 ms
POST /addVideos 200 220 - 30067.351 ms
POST /addVideos 200 220 - 17091.005 ms
POST /addVideos 200 220 - 43.476 ms
GET /getVedios 404 148 - 2.852 ms
GET /getVideos 404 148 - 1.915 ms
GET /getVideos 200 64 - 7.016 ms
GET /getVideos 500 1338 - 20.012 ms
GET /getVideos 200 221 - 34.629 ms
POST /addWalletHistory 200 68 - 33.264 ms
POST /addWalletHistory 200 68 - 33.443 ms
POST /addWalletHistory 200 180 - 59.521 ms
POST /addWalletHistory 200 221 - 19.005 ms
POST /addWalletHistory 200 221 - 29.879 ms
POST /addWalletHistory 200 221 - 58.385 ms
POST /addWalletHistory 200 180 - 33.838 ms
GET /getallnft 200 552 - 87.015 ms
POST /addComics 200 64 - 6.302 ms
POST /login 200 613 - 252.155 ms
POST /addComics 200 177 - 10312.603 ms
POST /addComics 200 64 - 11.109 ms
POST /editComics 200 62 - 4162.172 ms
POST /editComics 200 220 - 2046.240 ms
POST /editComics 200 220 - 13.708 ms
GET / 200 22 - 10.110 ms
POST /nftBulkImport - - - - ms
POST /nftBulkImport - - - - ms
POST /nftBulkImport 200 64 - 52.336 ms
POST /login 200 613 - 530.786 ms
POST /nftBulkImport 500 129 - 170.452 ms
POST /nftBulkImport 500 129 - 105.465 ms
GET /getallnft?searchStr=all 200 66 - 114.333 ms
POST /addNft 200 75 - 49.946 ms
POST /nftBulkImport - - - - ms
GET /getallnft?searchStr=%20v 200 54 - 18.699 ms
GET /getallnft?searchStr=%20v 200 54 - 18.699 ms
GET /getallnft?searchStr=%20t 200 54 - 6.722 ms
GET /getallnft?searchStr=%20russia 200 54 - 3.874 ms
GET /getallnft?searchStr=%20russia 200 54 - 9.315 ms
GET /getallnft?searchStr=%20Ukraine 200 54 - 4.877 ms
GET /getallnft 200 2158 - 3.219 ms
GET /getallnft?searchStr=%20Ukraine 200 54 - 3.171 ms
GET /getallnft?searchStr=%20Ukraine - - - - ms
GET /getallnft?searchStr=%20U 200 54 - 17.525 ms
GET /getallnft?searchStr=%20U 200 56 - 19.216 ms
GET /getallnft?searchStr=%20U 200 56 - 16.495 ms
GET /getallnft?searchStr=%20U 200 56 - 13.505 ms
GET /getallnft?searchStr=%20U 200 56 - 15.448 ms
GET /getallnft 200 2159 - 15.913 ms
GET /getallnft?searchStr=%20Ukraine 200 56 - 1.819 ms
GET /getallnft?searchStr=%20Ukraine 200 56 - 59.846 ms
GET /getallnft?searchStr=%20Ukraine 200 56 - 32.946 ms
GET /getallnft?searchStr=%20Russia 200 56 - 17.627 ms
GET /getallnft?searchStr=%20Russia 200 56 - 31.908 ms
GET /getallnft?searchStr=%20Russia 200 56 - 37.297 ms
GET /getallnft?searchStr=%20Russia 200 56 - 175.654 ms
GET /getallnft?searchStr=%20Russia 200 56 - 25.584 ms
GET /getallnft?searchStr=%20Ukraine 200 56 - 10.022 ms
GET /getallnft?searchStr=%20Ukraine 200 56 - 24.154 ms
GET /getallnft?searchStr=%20U 200 56 - 13.215 ms
GET /getallnft?searchStr=%20u 200 56 - 7.496 ms
GET /getallnft?searchStr=%20f 200 56 - 6.821 ms
GET /getallnft?searchStr=%20U 200 56 - 19.876 ms
GET /getallnft?searchStr=%20U 200 56 - 20.801 ms
GET /getallnft?searchStr=%20U 200 56 - 16.675 ms
GET /getallnft?searchStr=%20U 200 56 - 220.374 ms
GET /getallnft?searchStr=U 200 2160 - 25.679 ms
GET /getallnft?searchStr=U 200 2160 - 39.729 ms
GET /getallnft?searchStr=ukra 200 1695 - 21.948 ms
GET /getallnft?searchStr=1 200 1208 - 39.439 ms
GET /getallnft?searchStr=testttttt 200 542 - 13.952 ms
GET /getallnft?searchStr=r 200 2157 - 21.414 ms
GET /getallnft?searchStr=russia 200 515 - 38.502 ms
GET /getallnft?searchStr=russi 200 515 - 13.275 ms
GET /getallnft?searchStr=vladi 200 54 - 7.450 ms
GET /getallnft?searchStr=vladi 200 54 - 21.602 ms
GET /getallnft?searchStr=vladi 200 54 - 26.301 ms
GET /getallnft 500 1373 - 7.382 ms
GET /getallnft 200 2156 - 21.492 ms
GET /getallnft?searchStr=all 200 2156 - 10.240 ms
GET /getallnft?searchStr=a 200 2155 - 37.821 ms
GET /getallnft?searchStr=russia 200 515 - 12.593 ms
GET /getallnft?searchStr=ukr 200 1693 - 16.569 ms
GET /getallnft?searchStr=ukr 200 1693 - 17.716 ms
GET /getallnft?searchStr=%20ukr 200 54 - 20.303 ms
GET /getallnft?searchStr=ukr 200 1693 - 18.098 ms
POST /nftBulkImport - - - - ms
GET /getallnft?searchStr=000 200 54 - 18.658 ms
GET /getallnft?searchStr=000 200 54 - 3.191 ms
GET /getallnft?searchStr=000 200 54 - 39.551 ms
GET /getallnft?searchStr=000 200 47 - 21.457 ms
GET /getallnft?searchStr=u 200 2155 - 18.261 ms
GET /getallnft?searchStr=r 200 2155 - 27.676 ms
GET /getallnft?searchStr=99999 200 47 - 2.388 ms
GET /getallnft 200 2155 - 13.452 ms
GET /getallnft?searchStr=russi 200 515 - 9.435 ms
GET /getallnft?searchStr=ukr 200 1693 - 12.095 ms
POST /nftBulkImport 200 444 - 129.478 ms
POST /nftBulkImport 200 265 - 76.690 ms
POST /nftBulkImport 200 180 - 93.107 ms
POST /nftBulkImport 200 180 - 148.649 ms
POST /nftBulkImport 200 180 - 77.932 ms
POST /nftBulkImport 200 50 - 96.397 ms
POST /nftBulkImport 200 50 - 80.717 ms
POST /nftBulkImport 200 50 - 91.588 ms
POST /nftBulkImport 200 50 - 145.184 ms
POST /nftBulkImport 200 50 - 250.916 ms
POST /nftBulkImport 200 50 - 107.361 ms
POST /nftBulkImport 200 50 - 105.689 ms
POST /nftBulkImport 200 50 - 252.688 ms
POST /nftBulkImport 200 50 - 145.343 ms
POST /nftBulkImport 200 50 - 251.036 ms
POST /nftBulkImport 200 50 - 2757.859 ms
POST /nftBulkImport 200 50 - 2624.120 ms
POST /nftBulkImport 200 50 - 2314.135 ms
POST /nftBulkImport 200 50 - 125.300 ms
POST /nftBulkImport 200 50 - 130.656 ms
POST /nftBulkImport 200 50 - 256.008 ms
POST /nftBulkImport - - - - ms
POST /addVideos 200 75 - 143.486 ms
POST /addVideos 200 220 - 25625.105 ms
POST /nftBulkImport - - - - ms
POST /nftBulkImport 200 50 - 3624.380 ms
POST /nftBulkImport 200 50 - 3612.729 ms
POST /nftBulkImport 200 50 - 3911.341 ms
POST /nftBulkImport 200 50 - 3897.781 ms
POST /nftBulkImport 200 50 - 3571.722 ms
POST /nftBulkImport 200 50 - 4850.897 ms
POST /nftBulkImport 200 50 - 3524.427 ms
POST /nftBulkImport 200 50 - 3693.998 ms
POST /nftBulkImport 200 50 - 4371.605 ms
POST /nftBulkImport 200 50 - 814.295 ms
POST /nftBulkImport 200 50 - 812.726 ms
POST /nftBulkImport 200 50 - 3690.604 ms
POST /nftBulkImport 200 50 - 3369.819 ms
POST /nftBulkImport 200 50 - 4003.650 ms
POST /nftBulkImport 200 50 - 3550.622 ms
POST /nftBulkImport 200 50 - 3965.733 ms
POST /nftBulkImport 200 50 - 902.959 ms
POST /nftBulkImport 200 50 - 1737.340 ms
POST /nftBulkImport 200 50 - 1297.279 ms
POST /nftBulkImport 200 50 - 1124.864 ms
POST /nftBulkImport 200 50 - 1348.454 ms
POST /nftBulkImport 200 50 - 1623.961 ms
POST /nftBulkImport 200 50 - 115.267 ms
POST /nftBulkImport 200 50 - 131.836 ms
POST /nftBulkImport 200 50 - 1389.834 ms
POST /nftBulkImport 200 50 - 3280.308 ms
POST /nftBulkImport 200 50 - 1766.897 ms
POST /nftBulkImport 200 50 - 4934.696 ms
POST /nftBulkImport 200 50 - 9903.725 ms
POST /nftBulkImport 200 50 - 5051.985 ms
POST /nftBulkImport 200 50 - 3546.705 ms
POST /nftBulkImport 200 50 - 7824.043 ms
POST /nftBulkImport 200 50 - 7877.256 ms
POST /nftBulkImport 200 50 - 8277.935 ms
POST /nftBulkImport 200 62 - 7771.193 ms
POST /nftBulkImport 200 62 - 6544.092 ms
POST /nftBulkImport 200 62 - 4861.822 ms
POST /nftBulkImport 200 62 - 11456.670 ms
POST /addWallet 200 64 - 8.367 ms
POST /login 200 613 - 111.551 ms
POST /addWallet 200 75 - 6.553 ms
POST /addWallet 200 75 - 4.369 ms
POST /addWallet 200 177 - 15.951 ms
POST /addWallet 200 221 - 12.766 ms
POST /addWallet 200 221 - 7.967 ms
POST /addWallet 200 221 - 12.672 ms
POST /addWallet 200 221 - 36.034 ms
POST /addRoyality 200 177 - 18.634 ms
POST /addRoyality 200 221 - 15.634 ms
POST /addRoyality 200 221 - 10.281 ms
POST /addRoyality 200 221 - 16.003 ms
POST /addRoyality 200 220 - 36.641 ms
POST /addRoyality 200 220 - 35.681 ms
POST /addRoyality 200 220 - 18.900 ms
POST /addWallet 200 220 - 16.169 ms
GET /getWallet 200 64 - 10.541 ms
GET /getWallet 200 221 - 25.463 ms
GET /getRoyality 200 216 - 11.478 ms
GET /getWallet 200 388 - 36.383 ms
GET /getWallet 200 129 - 31.861 ms
GET /getWalletDetails 200 129 - 126.350 ms
POST /addRoadmap 200 64 - 5.323 ms
POST /login 200 613 - 154.489 ms
POST /addRoadmap 200 180 - 17.425 ms
POST /editRoadmap 200 220 - 33.993 ms
POST /deleteRoadmap/1 200 220 - 32.326 ms
GET /getAllRoadmap 200 273 - 24.161 ms
POST /addFAQ 200 64 - 16.892 ms
POST /login 200 613 - 307.274 ms
POST /addFAQ 200 180 - 40.305 ms
POST /editFAQ 500 1350 - 139.165 ms
POST /editFAQ 200 220 - 115.615 ms
POST /deleteFAQ/1 200 220 - 63.612 ms
GET /getAllFAQ 200 235 - 58.310 ms
POST /addTeam 200 64 - 30.522 ms
POST /addTeam 200 445 - 30650.803 ms
POST /addTeam 200 180 - 14622.464 ms
POST /deleteFAQ/1 200 220 - 36.331 ms
POST /editTeam 200 220 - 9726.996 ms
POST /deleteTeam/1 200 220 - 32.357 ms
GET /getAllTeam 200 958 - 29.711 ms
POST /login 200 613 - 115.561 ms
POST /addComicDesc 200 180 - 53.966 ms
POST /editComicDesc 200 220 - 20.556 ms
POST /editComicDesc 200 220 - 17.176 ms
POST /deleteComicDesc/1 200 220 - 26.198 ms
GET /getAllComicDesc 200 216 - 31.874 ms
POST /addComicDesc 200 220 - 47.238 ms
POST /addComicDesc 200 180 - 40.376 ms
POST /addComicDesc 200 220 - 11.583 ms
GET /addDocumentryVideo 404 157 - 6.592 ms
POST /addDocumentryVideo 200 64 - 8.670 ms
POST /addDocumentryVideo 200 177 - 23880.399 ms
POST /addDocumentryVideo 200 220 - 2285.216 ms
GET /getDocumentryVideo 200 64 - 7.572 ms
GET /getDocumentryVideo 200 332 - 21.790 ms
GET /getallnft 200 22146 - 71.795 ms
GET /getallnft?searchStr=%20u 200 47 - 5.041 ms
GET /getallnft?searchStr=%20ukr 200 47 - 2.257 ms
GET /getallnft?searchStr=%20ukr 200 47 - 3.584 ms
GET /getallnft?searchStr=Ukraine 200 22146 - 54.633 ms
GET /getallnft?searchStr=U 200 22146 - 59.358 ms
GET /getallnft?searchStr=R 200 22146 - 109.814 ms
GET /getallnft?searchStr=Russia 200 47 - 2.122 ms
GET /getallnft?searchStr=Russia&type=Ukraine 200 47 - 3.108 ms
GET /getallnft?searchStr=Uk&type=Ukraine 200 22146 - 94.472 ms
GET /getallnft?type=Ukraine 200 11102 - 12.338 ms
GET /getallnft?searchStr=Uk 200 22146 - 6.171 ms
GET /getallnft?searchStr=vladi 200 47 - 1.524 ms
GET /getallnft?searchStr=t 200 22146 - 2.299 ms
GET /getallnft?searchStr=test1 200 47 - 2.617 ms
GET /getallnft?searchStr=test1 200 3737 - 1.699 ms
GET /getallnft 200 22147 - 2.183 ms
GET /getallnft 200 22147 - 19.358 ms
GET /getallnft 200 8425 - 8.285 ms
GET /getallnft?searchStr&type=Ukraine 200 3339 - 4.493 ms
GET /getallnft?searchStr=uk&type= 200 3339 - 4.919 ms
GET /getallnft?searchStr=ru&type= 200 5139 - 27.737 ms
GET /getallnft?searchStr=ru&type=russia 200 5139 - 4.766 ms
GET /getallnft?searchStr=ru&type=ukraine 200 8425 - 5.114 ms
GET /getallnft?searchStr=ru&type=russia 200 5139 - 3.966 ms
GET /getallnft 200 8425 - 10.009 ms
GET /getallnft?searchStr=&type=[{%22display%22:%22art%22,%22value%22:%22art%22},{%22display%22:%22putin%22,%22value%22:%22putin%22},{%22display%22:%22ukraine%22,%22value%22:%22ukraine%22}] 200 47 - 20.554 ms
GET /getallnft?searchStr=&type=[{%22display%22:%22art%22,%22value%22:%22art%22},{%22display%22:%22putin%22,%22value%22:%22putin%22},{%22display%22:%22ukraine%22,%22value%22:%22ukraine%22}] 200 47 - 30.194 ms
GET /getallnft?searchStr=&type=[{%22display%22:%22art%22,%22value%22:%22art%22},{%22display%22:%22putin%22,%22value%22:%22putin%22},{%22display%22:%22ukraine%22,%22value%22:%22ukraine%22}] 200 47 - 37.071 ms
GET /getallnft?searchStr=&type=[{%22display%22:%22art%22,%22value%22:%22art%22},{%22display%22:%22putin%22,%22value%22:%22putin%22},{%22display%22:%22ukraine%22,%22value%22:%22ukraine%22}] 200 47 - 30.190 ms
GET /getallnft?searchStr=&type=[{%22display%22:%22art%22,%22value%22:%22art%22},{%22display%22:%22putin%22,%22value%22:%22putin%22},{%22display%22:%22ukraine%22,%22value%22:%22ukraine%22}] 200 47 - 97.462 ms
GET /getallnft 500 1325 - 22.801 ms
GET /getallnft 500 1335 - 19.326 ms
GET /getallnft 200 8949 - 170.043 ms
GET /getallnft?searchStr=&type=[{%22display%22:%22art%22,%22value%22:%22art%22},{%22display%22:%22putin%22,%22value%22:%22putin%22},{%22display%22:%22ukraine%22,%22value%22:%22ukraine%22}] - - - - ms
GET /getallnft?searchStr=&type=[{%22display%22:%22ukraine%22,%22value%22:%22ukraine%22},{%22display%22:%22putin%22,%22value%22:%22putin%22},{%22display%22:%22art%22,%22value%22:%22art%22}] - - - - ms
GET /getallnft?searchStr=&type=[{%22display%22:%22ukraine%22,%22value%22:%22ukraine%22},{%22display%22:%22putin%22,%22value%22:%22putin%22},{%22display%22:%22art%22,%22value%22:%22art%22}] - - - - ms
GET /getallnft?searchStr=&type=[{%22display%22:%22ukraine%22,%22value%22:%22ukraine%22},{%22display%22:%22putin%22,%22value%22:%22putin%22},{%22display%22:%22art%22,%22value%22:%22art%22}] - - - - ms
GET /getallnft?searchStr=&type=[{%22display%22:%22ukraine%22,%22value%22:%22ukraine%22},{%22display%22:%22putin%22,%22value%22:%22putin%22},{%22display%22:%22art%22,%22value%22:%22art%22}] - - - - ms
POST /addNft 200 75 - 10.404 ms
POST /addNft 200 75 - 4.859 ms
POST /addNft 200 1240 - 4254.400 ms
POST /addNft 200 1262 - 2464.878 ms
POST /addNft - - - - ms
POST /addNft - - - - ms
POST /addNft 200 1276 - 4482.440 ms
POST /addNft 200 1970 - 3702.796 ms
POST /addNft 200 1910 - 3708.791 ms
POST /addNft 200 1964 - 3338.220 ms
POST /addNft 200 1964 - 2693.098 ms
POST /addNft 200 1963 - 2923.947 ms
POST /addNft 200 1963 - 4245.950 ms
POST /getallnft?searchStr=&type=[{%22display%22:%22ukraine%22,%22value%22:%22ukraine%22},{%22display%22:%22putin%22,%22value%22:%22putin%22},{%22display%22:%22art%22,%22value%22:%22art%22}] 404 149 - 1.959 ms
GET /getallnft?searchStr=&type= 200 9872 - 24.765 ms
GET /getallnft?searchStr=test&type= 200 9872 - 18.537 ms
GET /getallnft?searchStr=&type=[{%22display%22:%22ukraine%22,%22value%22:%22ukraine%22},{%22display%22:%22putin%22,%22value%22:%22putin%22},{%22display%22:%22art%22,%22value%22:%22art%22}] - - - - ms
GET /getallnft?searchStr=&type=[{%22display%22:%22ukraine%22,%22value%22:%22ukraine%22},{%22display%22:%22putin%22,%22value%22:%22putin%22},{%22display%22:%22art%22,%22value%22:%22art%22}] 500 1343 - 4.725 ms
GET /getallnft?searchStr=&type=[{%22display%22:%22ukraine%22,%22value%22:%22ukraine%22},{%22display%22:%22putin%22,%22value%22:%22putin%22},{%22display%22:%22art%22,%22value%22:%22art%22}] 500 1343 - 7.313 ms
GET /getallnft?searchStr=&type=[{%22display%22:%22ukraine%22,%22value%22:%22ukraine%22},{%22display%22:%22putin%22,%22value%22:%22putin%22},{%22display%22:%22art%22,%22value%22:%22art%22}] 500 1343 - 5.967 ms
GET /getallnft?searchStr=&type=[{%22display%22:%22ukraine%22,%22value%22:%22ukraine%22},{%22display%22:%22putin%22,%22value%22:%22putin%22},{%22display%22:%22art%22,%22value%22:%22art%22}] 200 9872 - 25.333 ms
GET /getallnft?searchStr=&type=[{%22display%22:%22ukraine%22,%22value%22:%22ukraine%22},{%22display%22:%22putin%22,%22value%22:%22putin%22},{%22display%22:%22art%22,%22value%22:%22art%22}] 200 9872 - 26.745 ms
GET /getallnft?searchStr=&type=[{%22display%22:%22ukraine%22,%22value%22:%22ukraine%22},{%22display%22:%22putin%22,%22value%22:%22putin%22},{%22display%22:%22art%22,%22value%22:%22art%22}] 200 9872 - 22.891 ms
GET /getallnft?searchStr=&type=[{%22display%22:%22ukraine%22,%22value%22:%22ukraine%22},{%22display%22:%22putin%22,%22value%22:%22putin%22},{%22display%22:%22art%22,%22value%22:%22art%22}] 200 9872 - 11.215 ms
GET /getallnft?searchStr=&type=[{%22display%22:%22ukraine%22,%22value%22:%22ukraine%22},{%22display%22:%22putin%22,%22value%22:%22putin%22} 500 1313 - 5.835 ms
GET /getallnft?searchStr=&type=[{%22display%22:%22ukraine%22,%22value%22:%22ukraine%22},{%22display%22:%22putin%22,%22value%22:%22putin%22}] 200 9872 - 4.328 ms
GET /getallnft?searchStr=&type=[{%22display%22:%22ukraine%22,%22value%22:%22ukraine%22}}] 500 1326 - 3.992 ms
GET /getallnft?searchStr=&type=[{%22display%22:%22ukraine%22,%22value%22:%22ukraine%22}] 200 9872 - 5.535 ms
GET /getallnft?searchStr=&type=[{%22display%22:%22ukraine%22,%22value%22:%22ukraine%22}] 200 9872 - 88.642 ms
GET /getallnft?searchStr=&type=[{%22display%22:%22ukraine%22,%22value%22:%22ukraine%22}] 200 9872 - 44.406 ms
GET /getallnft?searchStr=&type=[{%22display%22:%22ukraine%22,%22value%22:%22ukraine%22}] 200 9819 - 7.725 ms
GET /getallnft?searchStr=&type=[{%22display%22:%22ukraine%22,%22value%22:%22ukraine%22}] 200 9819 - 20.937 ms
GET /getallnft?searchStr=&type=[{%22display%22:%22ukraine%22,%22value%22:%22ukraine%22}] 200 9819 - 26.665 ms
GET /getallnft?searchStr=&type=%27[{%22display%22:%22ukraine%22,%22value%22:%22ukraine%22}]%27 500 1329 - 3.967 ms
GET /getallnft?searchStr=&type=[{%22display%22:%22ukraine%22,%22value%22:%22ukraine%22}] 200 47 - 58.584 ms
GET /getallnft?searchStr=&type=[{%22display%22:%22ukraine%22,%22value%22:%22ukraine%22}] 200 47 - 20.607 ms
GET /getallnft?searchStr=&type=[{%22display%22:%22ukraine%22,%22value%22:%22ukraine%22}] 200 47 - 36.368 ms
GET /getallnft?searchStr=&type=;[{%22display%22:%22ukraine%22,%22value%22:%22ukraine%22}]; 500 1325 - 4.793 ms
GET /getallnft?searchStr=&type=%27[{%22display%22:%22ukraine%22,%22value%22:%22ukraine%22}]%27 500 1329 - 3.834 ms
GET /getallnft?searchStr=&type=%27[{%22display%22:%22ukraine%22,%22value%22:%22ukraine%22}]%27 500 1343 - 11.139 ms
GET /getallnft?searchStr=&type=%27[{%22display%22:%22ukraine%22,%22value%22:%22ukraine%22}]%27 500 1329 - 5.589 ms
GET /getallnft?searchStr=&type=%27[{%22display%22:%22ukraine%22,%22value%22:%22ukraine%22}]%27 500 1329 - 4.106 ms
GET /getallnft?searchStr=&type=%27[{%22display%22:%22ukraine%22,%22value%22:%22ukraine%22}]%27 500 1329 - 3.774 ms
GET /getallnft?searchStr=&type=%27[{%22display%22:%22ukraine%22,%22value%22:%22ukraine%22}]%27 200 47 - 22.801 ms
GET /getallnft?searchStr=&type=%27%27[{%22display%22:%22ukraine%22,%22value%22:%22ukraine%22}]%27%27 200 47 - 11.601 ms
GET /getallnft?searchStr=&type=%27%27[{%22display%22:%22ukraine%22,%22value%22:%22ukraine%22}]%27%27 500 1329 - 4.228 ms
GET /getallnft?searchStr=&type=[%27ukraine%27,%20%27putin%27,%20%27art%27] 200 47 - 20.729 ms
POST /getallnft 500 1343 - 4.723 ms
POST /getallnft 500 1343 - 4.276 ms
POST /getallnft 500 1343 - 2.835 ms
POST /getallnft 500 1329 - 3.082 ms
POST /getallnft?searchStr=&type=[{%22display%22:%22ukraine%22,%22value%22:%22ukraine%22},{%22display%22:%22putin%22,%22value%22:%22putin%22},{%22display%22:%22art%22,%22value%22:%22art%22}] 500 1343 - 11.265 ms
POST /getallnft 500 1343 - 8.894 ms
POST /getallnft 200 47 - 49.847 ms
POST /getallnft 200 47 - 26.368 ms
POST /getallnft 200 47 - 96.913 ms
POST /getallnft 200 47 - 28.641 ms
POST /getallnft 200 47 - 19.529 ms
POST /getallnft 200 323 - 37.407 ms
POST /getallnft 200 19387 - 174.542 ms
POST /getallnft 200 323 - 101.310 ms
POST /getallnft 200 141 - 16.553 ms
POST /getallnft 200 145 - 11.538 ms
POST /getallnft 200 6516 - 103.123 ms
POST /getallnft 200 9819 - 53.527 ms
POST /getallnft 200 6470 - 46.368 ms
POST /getallnft 200 9819 - 20.027 ms
POST /getallnft 200 9819 - 26.754 ms
POST /getallnft 200 47 - 21.541 ms
POST /getallnft 200 6470 - 12.100 ms
POST /getallnft 200 47 - 65.706 ms
POST /getallnft 200 3363 - 26.313 ms
POST /getallnft 200 6470 - 45.895 ms
POST /getallnft 200 3363 - 5.311 ms
POST /getallnft 200 3363 - 5.082 ms
POST /getallnft 200 9819 - 51.705 ms
POST /getallnft 200 6470 - 35.416 ms
POST /getallnft 200 12933 - 68.762 ms
POST /getallnft 200 47 - 39.086 ms
POST /getallnft 200 12933 - 22.299 ms
POST /getallnft 200 9819 - 84.419 ms
POST /getallnft 200 47 - 65.485 ms
POST /getallnft 200 3363 - 7.369 ms
POST /getallnft 200 12933 - 74.173 ms
POST /getallnft 200 9819 - 49.165 ms
POST /getallnft 200 12933 - 8.788 ms
POST /getallnft 200 12933 - 17.235 ms
POST /getallnft 200 12933 - 51.754 ms
POST /getallnft 200 19585 - 5.324 ms
POST /getallnft 200 8366 - 2.977 ms
POST /getallnft 200 19585 - 16.387 ms
POST /getallnft 200 8366 - 5.670 ms
POST /getallnft 200 8366 - 1.993 ms
POST /getallnft 200 8366 - 33.492 ms
POST /getallnft 200 6516 - 20.381 ms
POST /getallnft 200 6516 - 2.719 ms
POST /getallnft 200 9819 - 32.849 ms
POST /getallnft 200 9824 - 3.527 ms
POST /getallnft 200 4821 - 3.738 ms
POST /getallnft 200 6475 - 12.932 ms
POST /getallnft 200 6475 - 2.703 ms
POST /getallnft 200 9824 - 16.265 ms
POST /getallnft 200 6475 - 4.215 ms
POST /getallnft 200 4821 - 4.852 ms
POST /getallnft 200 6475 - 3.149 ms
POST /getallnft 200 9824 - 3.183 ms
POST /getallnft 200 6475 - 34.274 ms
POST /getallnft 200 9824 - 4.657 ms
POST /getallnft 200 9824 - 15.668 ms
POST /getallnft 200 6475 - 4.490 ms
POST /getallnft 200 6475 - 18.508 ms
POST /getallnft 200 9824 - 4.564 ms
POST /getallnft 200 6475 - 4.702 ms
POST /getallnft 200 6475 - 9.590 ms
POST /getallnft 200 9824 - 4.482 ms
POST /getallnft 200 9824 - 3.019 ms
POST /getallnft 200 47 - 3.851 ms
POST /getallnft 200 9824 - 2.382 ms
POST /addNft 200 75 - 9.662 ms
POST /addNft - - - - ms
POST /addNft - - - - ms
POST /addNft 200 167 - 2745.650 ms
